<?xml version="1.0" encoding="UTF-8"?>
<testng-results ignored="0" total="1" passed="0" failed="1" skipped="0">
  <reporter-output>
  </reporter-output>
  <suite started-at="2022-08-05T07:55:52 IST" name="Default suite" finished-at="2022-08-05T07:56:12 IST" duration-ms="19674">
    <groups>
    </groups>
    <test started-at="2022-08-05T07:55:52 IST" name="Default test" finished-at="2022-08-05T07:56:12 IST" duration-ms="19674">
      <class name="DDF_POM_TESTNG_BASE_UTILITY_CLASS.KiteLoginTest">
        <test-method is-config="true" signature="openBrowser()[pri:0, instance:DDF_POM_TESTNG_BASE_UTILITY_CLASS.KiteLoginTest@c33b74f]" started-at="2022-08-05T07:55:53 IST" name="openBrowser" finished-at="2022-08-05T07:56:04 IST" duration-ms="11901" status="PASS">
          <reporter-output>
          </reporter-output>
        </test-method> <!-- openBrowser -->
        <test-method is-config="true" signature="login()[pri:0, instance:DDF_POM_TESTNG_BASE_UTILITY_CLASS.KiteLoginTest@c33b74f]" started-at="2022-08-05T07:56:04 IST" name="login" finished-at="2022-08-05T07:56:07 IST" duration-ms="2627" status="PASS">
          <reporter-output>
          </reporter-output>
        </test-method> <!-- login -->
        <test-method signature="test()[pri:0, instance:DDF_POM_TESTNG_BASE_UTILITY_CLASS.KiteLoginTest@c33b74f]" started-at="2022-08-05T07:56:07 IST" name="test" finished-at="2022-08-05T07:56:10 IST" duration-ms="2954" status="FAIL">
          <exception class="java.lang.AssertionError">
            <message>
              <![CDATA[act & exp result is not equal expected [XB2733] but found [XB2732]]]>
            </message>
            <full-stacktrace>
              <![CDATA[java.lang.AssertionError: act & exp result is not equal expected [XB2733] but found [XB2732]
at org.testng.Assert.fail(Assert.java:99)
at org.testng.Assert.failNotEquals(Assert.java:1037)
at org.testng.Assert.assertEqualsImpl(Assert.java:140)
at org.testng.Assert.assertEquals(Assert.java:122)
at org.testng.Assert.assertEquals(Assert.java:629)
at DDF_POM_TESTNG_BASE_UTILITY_CLASS.KiteLoginTest.test(KiteLoginTest.java:45)
at java.base/jdk.internal.reflect.DirectMethodHandleAccessor.invoke(DirectMethodHandleAccessor.java:104)
at java.base/java.lang.reflect.Method.invoke(Method.java:577)
at org.testng.internal.MethodInvocationHelper.invokeMethod(MethodInvocationHelper.java:133)
at org.testng.internal.TestInvoker.invokeMethod(TestInvoker.java:598)
at org.testng.internal.TestInvoker.invokeTestMethod(TestInvoker.java:173)
at org.testng.internal.MethodRunner.runInSequence(MethodRunner.java:46)
at org.testng.internal.TestInvoker$MethodInvocationAgent.invoke(TestInvoker.java:824)
at org.testng.internal.TestInvoker.invokeTestMethods(TestInvoker.java:146)
at org.testng.internal.TestMethodWorker.invokeTestMethods(TestMethodWorker.java:146)
at org.testng.internal.TestMethodWorker.run(TestMethodWorker.java:128)
at java.base/java.util.ArrayList.forEach(ArrayList.java:1511)
at org.testng.TestRunner.privateRun(TestRunner.java:794)
at org.testng.TestRunner.run(TestRunner.java:596)
at org.testng.SuiteRunner.runTest(SuiteRunner.java:377)
at org.testng.SuiteRunner.runSequentially(SuiteRunner.java:371)
at org.testng.SuiteRunner.privateRun(SuiteRunner.java:332)
at org.testng.SuiteRunner.run(SuiteRunner.java:276)
at org.testng.SuiteRunnerWorker.runSuite(SuiteRunnerWorker.java:53)
at org.testng.SuiteRunnerWorker.run(SuiteRunnerWorker.java:96)
at org.testng.TestNG.runSuitesSequentially(TestNG.java:1212)
at org.testng.TestNG.runSuitesLocally(TestNG.java:1134)
at org.testng.TestNG.runSuites(TestNG.java:1063)
at org.testng.TestNG.run(TestNG.java:1031)
at org.testng.remote.AbstractRemoteTestNG.run(AbstractRemoteTestNG.java:115)
at org.testng.remote.RemoteTestNG.initAndRun(RemoteTestNG.java:251)
at org.testng.remote.RemoteTestNG.main(RemoteTestNG.java:77)
]]>
            </full-stacktrace>
          </exception> <!-- java.lang.AssertionError -->
          <reporter-output>
          </reporter-output>
        </test-method> <!-- test -->
        <test-method is-config="true" signature="logOut(org.testng.ITestResult)[pri:0, instance:DDF_POM_TESTNG_BASE_UTILITY_CLASS.KiteLoginTest@c33b74f]" started-at="2022-08-05T07:56:10 IST" name="logOut" finished-at="2022-08-05T07:56:11 IST" duration-ms="1441" status="PASS">
          <params>
            <param index="0">
              <value>
                <![CDATA[[TestResult name=test status=FAILURE method=KiteLoginTest.test()[pri:0, instance:DDF_POM_TESTNG_BASE_UTILITY_CLASS.KiteLoginTest@c33b74f] output={null}]]]>
              </value>
            </param>
          </params>
          <reporter-output>
          </reporter-output>
        </test-method> <!-- logOut -->
        <test-method is-config="true" signature="closeBrowser()[pri:0, instance:DDF_POM_TESTNG_BASE_UTILITY_CLASS.KiteLoginTest@c33b74f]" started-at="2022-08-05T07:56:11 IST" name="closeBrowser" finished-at="2022-08-05T07:56:12 IST" duration-ms="652" status="PASS">
          <reporter-output>
          </reporter-output>
        </test-method> <!-- closeBrowser -->
      </class> <!-- DDF_POM_TESTNG_BASE_UTILITY_CLASS.KiteLoginTest -->
    </test> <!-- Default test -->
  </suite> <!-- Default suite -->
</testng-results>
